Using pre-set license
Built from '2020.3/staging' branch; Version is '2020.3.9f1 (108be757e447) revision 1084391'; Using compiler version '192528614'; Build Type 'Release'
OS: 'Windows 10 Home; OS build 19041.985; Version 2004; 64bit' Language: 'fr' Physical Memory: 16194 MB
BatchMode: 1, IsHumanControllingUs: 0, StartBugReporterOnCrash: 0, Is64bit: 1, IsPro: 0

 COMMAND LINE ARGUMENTS:
D:\Unity\Editors\2020.3.9f1\Editor\Unity.exe
-adb2
-batchMode
-noUpm
-name
AssetImportWorker0
-projectPath
D:/Unity/Unity Projects/AR_Portal/AR Portal Project
-logFile
Logs/AssetImportWorker0.log
-srvPort
59007
Successfully changed project path to: D:/Unity/Unity Projects/AR_Portal/AR Portal Project
D:/Unity/Unity Projects/AR_Portal/AR Portal Project
Using Asset Import Pipeline V2.
Refreshing native plugins compatible for Editor in 42.85 ms, found 1 plugins.
Preloading 0 native plugins for Editor in 0.00 ms.
Initialize engine version: 2020.3.9f1 (108be757e447)
[Subsystems] Discovering subsystems at path D:/Unity/Editors/2020.3.9f1/Editor/Data/Resources/UnitySubsystems
[Subsystems] Discovering subsystems at path D:/Unity/Unity Projects/AR_Portal/AR Portal Project/Assets
GfxDevice: creating device client; threaded=0
Direct3D:
    Version:  Direct3D 11.0 [level 11.1]
    Renderer: NVIDIA GeForce GTX 1660 SUPER (ID=0x21c4)
    Vendor:   
    VRAM:     5991 MB
    Driver:   27.21.14.6109
Initialize mono
Mono path[0] = 'D:/Unity/Editors/2020.3.9f1/Editor/Data/Managed'
Mono path[1] = 'D:/Unity/Editors/2020.3.9f1/Editor/Data/MonoBleedingEdge/lib/mono/unityjit'
Mono config path = 'D:/Unity/Editors/2020.3.9f1/Editor/Data/MonoBleedingEdge/etc'
Using monoOptions --debugger-agent=transport=dt_socket,embedding=1,server=y,suspend=n,address=127.0.0.1:56712
Begin MonoManager ReloadAssembly
Registering precompiled unity dll's ...
Register platform support module: D:/Unity/Editors/2020.3.9f1/Editor/Data/PlaybackEngines/WindowsStandaloneSupport/UnityEditor.WindowsStandalone.Extensions.dll
Registered in 0.001611 seconds.
Native extension for WindowsStandalone target not found
Refreshing native plugins compatible for Editor in 45.16 ms, found 1 plugins.
Preloading 0 native plugins for Editor in 0.00 ms.
Mono: successfully reloaded assembly
- Completed reload, in  1.994 seconds
Platform modules already initialized, skipping
Registering precompiled user dll's ...
Registered in 0.005476 seconds.
Begin MonoManager ReloadAssembly
Native extension for WindowsStandalone target not found
Refreshing native plugins compatible for Editor in 0.63 ms, found 1 plugins.
Preloading 0 native plugins for Editor in 0.00 ms.
Mono: successfully reloaded assembly
- Completed reload, in  1.442 seconds
Platform modules already initialized, skipping
========================================================================
Worker process is ready to serve import requests
Launched and connected shader compiler UnityShaderCompiler.exe after 0.07 seconds
Refreshing native plugins compatible for Editor in 0.43 ms, found 1 plugins.
Preloading 0 native plugins for Editor in 0.00 ms.
Unloading 1560 Unused Serialized files (Serialized files now loaded: 0)
System memory in use before: 71.7 MB.
System memory in use after: 71.8 MB.

Unloading 31 unused Assets to reduce memory usage. Loaded Objects now: 1996.
Total: 2.283400 ms (FindLiveObjects: 0.183900 ms CreateObjectMapping: 0.064300 ms MarkObjects: 1.948000 ms  DeleteObjects: 0.085200 ms)

========================================================================
Received Import Request.
  path: Assets/3D/Portal.FBX
  artifactKey: Guid(76628841379fa174080b750736ad59df) Importer(815301076,1909f56bfc062723c751e8b465ee728b)
Start importing Assets/3D/Portal.FBX using Guid(76628841379fa174080b750736ad59df) Importer(815301076,1909f56bfc062723c751e8b465ee728b)  -> (artifact id: '96f2aeb3a6ff8c50aa1e5c27d4f89371') in 0.774436 seconds
  Import took 0.800762 seconds .

========================================================================
Received Import Request.
  Time since last request: 33.940835 seconds.
  path: Assets/Scripts/ARController.cs
  artifactKey: Guid(8b38e690a5f429447a4b1317739ec262) Importer(815301076,1909f56bfc062723c751e8b465ee728b)
Start importing Assets/Scripts/ARController.cs using Guid(8b38e690a5f429447a4b1317739ec262) Importer(815301076,1909f56bfc062723c751e8b465ee728b)  -> (artifact id: '4b11e4b9ba05bdc5c35790867c750dfd') in 0.038737 seconds
  Import took 0.042445 seconds .

========================================================================
Received Import Request.
  Time since last request: 0.001113 seconds.
  path: Assets/Scripts/ARController.cs
  artifactKey: Guid(8b38e690a5f429447a4b1317739ec262) Importer(815301076,1909f56bfc062723c751e8b465ee728b)
Start importing Assets/Scripts/ARController.cs using Guid(8b38e690a5f429447a4b1317739ec262) Importer(815301076,1909f56bfc062723c751e8b465ee728b)  -> (artifact id: '4b11e4b9ba05bdc5c35790867c750dfd') in 0.003724 seconds
  Import took 0.006808 seconds .

========================================================================
Received Prepare
Registering precompiled user dll's ...
Registered in 0.007795 seconds.
Begin MonoManager ReloadAssembly
Native extension for WindowsStandalone target not found
Refreshing native plugins compatible for Editor in 0.47 ms, found 1 plugins.
Preloading 0 native plugins for Editor in 0.00 ms.
Mono: successfully reloaded assembly
- Completed reload, in  2.095 seconds
Platform modules already initialized, skipping
Switching build target platform(19) subTarget(0) extendedPlatform(0) -> platform(13) subTarget(524288) extendedPlatform(0)
Refreshing native plugins compatible for Editor in 0.49 ms, found 1 plugins.
Preloading 0 native plugins for Editor in 0.00 ms.
Unloading 1548 Unused Serialized files (Serialized files now loaded: 0)
System memory in use before: 74.0 MB.
System memory in use after: 74.1 MB.

Unloading 26 unused Assets to reduce memory usage. Loaded Objects now: 2042.
Total: 4.638300 ms (FindLiveObjects: 0.207800 ms CreateObjectMapping: 0.084500 ms MarkObjects: 4.315000 ms  DeleteObjects: 0.029200 ms)

AssetImportParameters requested are different than current active one (requested -> active):
  custom:graphics/normal-map-encoding: 01000000000000000000000000000000 -> 02000000000000000000000000000000
========================================================================
Received Prepare
Registering precompiled user dll's ...
Registered in 0.030134 seconds.
Begin MonoManager ReloadAssembly
Native extension for WindowsStandalone target not found
Refreshing native plugins compatible for Editor in 0.94 ms, found 1 plugins.
Preloading 0 native plugins for Editor in 0.00 ms.
Mono: successfully reloaded assembly
- Completed reload, in  2.071 seconds
Platform modules already initialized, skipping
Switching build target platform(19) subTarget(0) extendedPlatform(0) -> platform(13) subTarget(524288) extendedPlatform(0)
Refreshing native plugins compatible for Editor in 0.61 ms, found 1 plugins.
Preloading 0 native plugins for Editor in 0.00 ms.
Unloading 1548 Unused Serialized files (Serialized files now loaded: 0)
System memory in use before: 74.0 MB.
System memory in use after: 74.1 MB.

Unloading 26 unused Assets to reduce memory usage. Loaded Objects now: 2045.
Total: 19.998800 ms (FindLiveObjects: 13.096700 ms CreateObjectMapping: 1.264600 ms MarkObjects: 5.609600 ms  DeleteObjects: 0.026200 ms)

AssetImportParameters requested are different than current active one (requested -> active):
  custom:graphics/normal-map-encoding: 01000000000000000000000000000000 -> 02000000000000000000000000000000
========================================================================
Received Prepare
Registering precompiled user dll's ...
Registered in 0.005449 seconds.
Begin MonoManager ReloadAssembly
Native extension for WindowsStandalone target not found
Refreshing native plugins compatible for Editor in 0.51 ms, found 1 plugins.
Preloading 0 native plugins for Editor in 0.00 ms.
Mono: successfully reloaded assembly
- Completed reload, in  1.265 seconds
Platform modules already initialized, skipping
Switching build target platform(19) subTarget(0) extendedPlatform(0) -> platform(13) subTarget(524288) extendedPlatform(0)
Refreshing native plugins compatible for Editor in 0.71 ms, found 1 plugins.
Preloading 0 native plugins for Editor in 0.00 ms.
Unloading 1548 Unused Serialized files (Serialized files now loaded: 0)
System memory in use before: 74.1 MB.
System memory in use after: 74.2 MB.

Unloading 26 unused Assets to reduce memory usage. Loaded Objects now: 2048.
Total: 3.278900 ms (FindLiveObjects: 0.292200 ms CreateObjectMapping: 0.122300 ms MarkObjects: 2.836700 ms  DeleteObjects: 0.026200 ms)

AssetImportParameters requested are different than current active one (requested -> active):
  custom:graphics/normal-map-encoding: 01000000000000000000000000000000 -> 02000000000000000000000000000000
========================================================================
Received Prepare
Registering precompiled user dll's ...
Registered in 0.009981 seconds.
Begin MonoManager ReloadAssembly
Native extension for WindowsStandalone target not found
Refreshing native plugins compatible for Editor in 14.70 ms, found 1 plugins.
Preloading 0 native plugins for Editor in 0.00 ms.
Mono: successfully reloaded assembly
- Completed reload, in 20.316 seconds
Platform modules already initialized, skipping
Switching build target platform(19) subTarget(0) extendedPlatform(0) -> platform(13) subTarget(524288) extendedPlatform(0)
Refreshing native plugins compatible for Editor in 0.83 ms, found 1 plugins.
Preloading 0 native plugins for Editor in 0.00 ms.
Unloading 1548 Unused Serialized files (Serialized files now loaded: 0)
System memory in use before: 74.1 MB.
System memory in use after: 74.2 MB.

Unloading 26 unused Assets to reduce memory usage. Loaded Objects now: 2051.
Total: 4.015200 ms (FindLiveObjects: 0.408300 ms CreateObjectMapping: 0.160200 ms MarkObjects: 3.417500 ms  DeleteObjects: 0.027500 ms)

AssetImportParameters requested are different than current active one (requested -> active):
  custom:graphics/normal-map-encoding: 01000000000000000000000000000000 -> 02000000000000000000000000000000
========================================================================
Received Prepare
Registering precompiled user dll's ...
Registered in 0.005363 seconds.
Begin MonoManager ReloadAssembly
Native extension for WindowsStandalone target not found
Refreshing native plugins compatible for Editor in 0.45 ms, found 1 plugins.
Preloading 0 native plugins for Editor in 0.00 ms.
Mono: successfully reloaded assembly
- Completed reload, in  1.172 seconds
Platform modules already initialized, skipping
Switching build target platform(19) subTarget(0) extendedPlatform(0) -> platform(13) subTarget(524288) extendedPlatform(0)
Refreshing native plugins compatible for Editor in 0.45 ms, found 1 plugins.
Preloading 0 native plugins for Editor in 0.00 ms.
Unloading 1548 Unused Serialized files (Serialized files now loaded: 0)
System memory in use before: 74.1 MB.
System memory in use after: 74.2 MB.

Unloading 26 unused Assets to reduce memory usage. Loaded Objects now: 2054.
Total: 2.114700 ms (FindLiveObjects: 0.166900 ms CreateObjectMapping: 0.049800 ms MarkObjects: 1.851100 ms  DeleteObjects: 0.046000 ms)

AssetImportParameters requested are different than current active one (requested -> active):
  custom:graphics/normal-map-encoding: 01000000000000000000000000000000 -> 02000000000000000000000000000000
========================================================================
Received Prepare
Registering precompiled user dll's ...
Registered in 0.006477 seconds.
Begin MonoManager ReloadAssembly
Native extension for WindowsStandalone target not found
Refreshing native plugins compatible for Editor in 0.57 ms, found 1 plugins.
Preloading 0 native plugins for Editor in 0.00 ms.
Mono: successfully reloaded assembly
- Completed reload, in  1.377 seconds
Platform modules already initialized, skipping
Switching build target platform(19) subTarget(0) extendedPlatform(0) -> platform(13) subTarget(524288) extendedPlatform(0)
Refreshing native plugins compatible for Editor in 0.44 ms, found 1 plugins.
Preloading 0 native plugins for Editor in 0.00 ms.
Unloading 1548 Unused Serialized files (Serialized files now loaded: 0)
System memory in use before: 74.1 MB.
System memory in use after: 74.2 MB.

Unloading 26 unused Assets to reduce memory usage. Loaded Objects now: 2057.
Total: 2.079000 ms (FindLiveObjects: 0.177600 ms CreateObjectMapping: 0.056000 ms MarkObjects: 1.820900 ms  DeleteObjects: 0.023600 ms)

AssetImportParameters requested are different than current active one (requested -> active):
  custom:graphics/normal-map-encoding: 01000000000000000000000000000000 -> 02000000000000000000000000000000
========================================================================
Received Import Request.
  Time since last request: 7326.325424 seconds.
  path: Assets/3D/Sponza.FBX
  artifactKey: Guid(f21b94d23cf99bb4ab5a61420c33639c) Importer(815301076,1909f56bfc062723c751e8b465ee728b)
Start importing Assets/3D/Sponza.FBX using Guid(f21b94d23cf99bb4ab5a61420c33639c) Importer(815301076,1909f56bfc062723c751e8b465ee728b)  -> (artifact id: 'a989ba746c2b2789039e1ad47f79161d') in 1.113836 seconds
  Import took 1.172579 seconds .

========================================================================
Received Import Request.
  Time since last request: 145.413209 seconds.
  path: Assets/Materials/Portal.shader
  artifactKey: Guid(5e9c9accbdf97434cb60f918c63ad1b5) Importer(815301076,1909f56bfc062723c751e8b465ee728b)
Start importing Assets/Materials/Portal.shader using Guid(5e9c9accbdf97434cb60f918c63ad1b5) Importer(815301076,1909f56bfc062723c751e8b465ee728b)  -> (artifact id: 'c2857328cfbcf3c5008b2fe19e783ad5') in 0.016665 seconds
  Import took 0.021116 seconds .

========================================================================
Received Import Request.
  Time since last request: 3.264452 seconds.
  path: Assets/Materials/Portal.shader
  artifactKey: Guid(5e9c9accbdf97434cb60f918c63ad1b5) Importer(815301076,1909f56bfc062723c751e8b465ee728b)
Start importing Assets/Materials/Portal.shader using Guid(5e9c9accbdf97434cb60f918c63ad1b5) Importer(815301076,1909f56bfc062723c751e8b465ee728b)  -> (artifact id: 'c2857328cfbcf3c5008b2fe19e783ad5') in 0.008962 seconds
  Import took 0.014775 seconds .

========================================================================
Received Import Request.
  Time since last request: 80.495333 seconds.
  path: Assets/Materials/Sponza.shader
  artifactKey: Guid(e3b963fccdd68a1488d41067d85f5fcf) Importer(815301076,1909f56bfc062723c751e8b465ee728b)
Start importing Assets/Materials/Sponza.shader using Guid(e3b963fccdd68a1488d41067d85f5fcf) Importer(815301076,1909f56bfc062723c751e8b465ee728b)  -> (artifact id: 'e57d903deaff4260c02b59af5efce1b5') in 0.009107 seconds
  Import took 0.012524 seconds .

========================================================================
Received Import Request.
  Time since last request: 0.000557 seconds.
  path: Assets/Materials/Sponza.shader
  artifactKey: Guid(e3b963fccdd68a1488d41067d85f5fcf) Importer(815301076,1909f56bfc062723c751e8b465ee728b)
Start importing Assets/Materials/Sponza.shader using Guid(e3b963fccdd68a1488d41067d85f5fcf) Importer(815301076,1909f56bfc062723c751e8b465ee728b)  -> (artifact id: 'e57d903deaff4260c02b59af5efce1b5') in 0.009986 seconds
  Import took 0.013128 seconds .

========================================================================
Received Import Request.
  Time since last request: 127.570414 seconds.
  path: Assets/Materials
  artifactKey: Guid(873baf75fb5ca5e4daba8fb7e6cfa5cb) Importer(815301076,1909f56bfc062723c751e8b465ee728b)
Start importing Assets/Materials using Guid(873baf75fb5ca5e4daba8fb7e6cfa5cb) Importer(815301076,1909f56bfc062723c751e8b465ee728b)  -> (artifact id: 'f3299dd0638bc711bf3bf26a0fe937b0') in 0.011556 seconds
  Import took 0.015356 seconds .

========================================================================
Received Import Request.
  Time since last request: 252.937399 seconds.
  path: Assets/Materials/PortalPlane.shader
  artifactKey: Guid(2b9a0cfc919afcf429515283f5087ecf) Importer(815301076,1909f56bfc062723c751e8b465ee728b)
Start importing Assets/Materials/PortalPlane.shader using Guid(2b9a0cfc919afcf429515283f5087ecf) Importer(815301076,1909f56bfc062723c751e8b465ee728b)  -> (artifact id: '5e7647ec9ed55e6f4eb68b91f6bd4d7b') in 0.009688 seconds
  Import took 0.015895 seconds .

========================================================================
Received Import Request.
  Time since last request: 138.391941 seconds.
  path: Assets/Materials/Sponza.shader
  artifactKey: Guid(e3b963fccdd68a1488d41067d85f5fcf) Importer(815301076,1909f56bfc062723c751e8b465ee728b)
Start importing Assets/Materials/Sponza.shader using Guid(e3b963fccdd68a1488d41067d85f5fcf) Importer(815301076,1909f56bfc062723c751e8b465ee728b)  -> (artifact id: 'a8b90271cafd5d6886d17cbb5582450b') in 0.005495 seconds
  Import took 0.012158 seconds .

========================================================================
Received Prepare
Registering precompiled user dll's ...
Registered in 0.005940 seconds.
Begin MonoManager ReloadAssembly
Native extension for WindowsStandalone target not found
Refreshing native plugins compatible for Editor in 0.48 ms, found 1 plugins.
Preloading 0 native plugins for Editor in 0.00 ms.
Mono: successfully reloaded assembly
- Completed reload, in  1.277 seconds
Platform modules already initialized, skipping
Switching build target platform(19) subTarget(0) extendedPlatform(0) -> platform(13) subTarget(524288) extendedPlatform(0)
Refreshing native plugins compatible for Editor in 0.80 ms, found 1 plugins.
Preloading 0 native plugins for Editor in 0.00 ms.
Unloading 1551 Unused Serialized files (Serialized files now loaded: 0)
System memory in use before: 74.8 MB.
System memory in use after: 74.8 MB.

Unloading 29 unused Assets to reduce memory usage. Loaded Objects now: 2061.
Total: 2.420500 ms (FindLiveObjects: 0.212500 ms CreateObjectMapping: 0.069200 ms MarkObjects: 2.047300 ms  DeleteObjects: 0.090300 ms)

AssetImportParameters requested are different than current active one (requested -> active):
  custom:graphics/normal-map-encoding: 01000000000000000000000000000000 -> 02000000000000000000000000000000
AssetImportWorkerClient::OnTransportError - code=2 error=End of file
